yarn run v1.22.19
$ nodemon
[33m[nodemon] 2.0.22[39m
[33m[nodemon] to restart at any time, enter `rs`[39m
[33m[nodemon] watching path(s): src/**/*[39m
[33m[nodemon] watching extensions: js,ts[39m
[32m[nodemon] starting `yarn run dev;node ../frontend/app.js`[39m
node:events:490
      throw er; // Unhandled 'error' event
      ^

Error: EBADF: bad file descriptor, read
Emitted 'error' event on ReadStream instance at:
    at emitErrorNT (node:internal/streams/destroy:151:8)
    at errorOrDestroy (node:internal/streams/destroy:214:7)
    at node:internal/fs/streams:258:9
    at FSReqCallback.wrapper [as oncomplete] (node:fs:692:5) {
  errno: -9,
  code: 'EBADF',
  syscall: 'read'
}

Node.js v20.4.0
error Command failed with exit code 1.
info Visit https://yarnpkg.com/en/docs/cli/run for documentation about this command.
$ node dev-build.js
sh: 0: cannot open yarn: No such file
